<?xml version="1.0" encoding="UTF-8"?>
<!-- Generated by org.testng.reporters.JUnitXMLReporter -->
<testsuite hostname="GVENKATESWARA-LP" ignored="0" name="AnnotationsTest" tests="3" failures="0" timestamp="2022-07-21T07:35:24 IST" time="0.018" errors="0">
  <testcase name="a" time="0.002" classname="testngtraining.AnnotationsTest"/>
  <testcase name="b" time="0.002" classname="testngtraining.AnnotationsTest"/>
  <testcase name="c" time="0.002" classname="testngtraining.AnnotationsTest"/>
</testsuite> <!-- AnnotationsTest -->
