<?xml version="1.0" encoding="UTF-8"?>
<!-- Generated by org.testng.reporters.JUnitXMLReporter -->
<testsuite hostname="GVENKATESWARA-LP" ignored="1" name="FirstTest" tests="3" failures="0" timestamp="2022-07-21T07:43:22 IST" time="0.051" errors="0">
  <testcase name="verifyAddingNumbersTest" time="0.006" classname="testngtraining.FirstTest"/>
  <testcase name="verifyDivideNumbersTest" time="0.001" classname="testngtraining.FirstTest"/>
  <testcase name="verifyMultipleNumbersTest" time="0.002" classname="testngtraining.FirstTest"/>
  <testcase name="login" time="0.0" classname="testngtraining.FirstTest">
    <ignored/>
  </testcase> <!-- login -->
</testsuite> <!-- FirstTest -->
