<?xml version="1.0" encoding="UTF-8"?>
<!-- Generated by org.testng.reporters.JUnitXMLReporter -->
<testsuite hostname="GVENKATESWARA-LP" ignored="1" name="Default test" tests="3" failures="0" timestamp="2022-07-22T07:43:31 IST" time="0.076" errors="0">
  <testcase name="login" time="0.008" classname="testngtraining.FirstTest"/>
  <testcase name="verifyDivideNumbersTest" time="0.001" classname="testngtraining.FirstTest"/>
  <testcase name="verifyMultipleNumbersTest" time="0.001" classname="testngtraining.FirstTest"/>
  <testcase name="verifyAddingNumbersTest" time="0.0" classname="testngtraining.FirstTest">
    <ignored/>
  </testcase> <!-- verifyAddingNumbersTest -->
</testsuite> <!-- Default test -->
