<?xml version="1.0" encoding="UTF-8"?>
<testng-results skipped="0" failed="0" ignored="1" total="4" passed="3">
  <reporter-output>
  </reporter-output>
  <suite name="Default suite" duration-ms="76" started-at="2022-07-22T07:43:31 IST" finished-at="2022-07-22T07:43:31 IST">
    <groups>
    </groups>
    <test name="Default test" duration-ms="76" started-at="2022-07-22T07:43:31 IST" finished-at="2022-07-22T07:43:31 IST">
      <class name="testngtraining.FirstTest">
        <test-method status="PASS" signature="beforeSuite()[pri:0, instance:testngtraining.FirstTest@50b494a6]" name="beforeSuite" is-config="true" duration-ms="13" started-at="2022-07-22T07:43:31 IST" finished-at="2022-07-22T07:43:31 IST">
          <reporter-output>
          </reporter-output>
        </test-method> <!-- beforeSuite -->
        <test-method status="PASS" signature="beforeTest()[pri:0, instance:testngtraining.FirstTest@50b494a6]" name="beforeTest" is-config="true" duration-ms="1" started-at="2022-07-22T07:43:31 IST" finished-at="2022-07-22T07:43:31 IST">
          <reporter-output>
          </reporter-output>
        </test-method> <!-- beforeTest -->
        <test-method status="PASS" signature="beforeClass1()[pri:0, instance:testngtraining.FirstTest@50b494a6]" name="beforeClass1" is-config="true" duration-ms="0" started-at="2022-07-22T07:43:31 IST" finished-at="2022-07-22T07:43:31 IST">
          <reporter-output>
          </reporter-output>
        </test-method> <!-- beforeClass1 -->
        <test-method status="PASS" signature="beforeMethod()[pri:0, instance:testngtraining.FirstTest@50b494a6]" name="beforeMethod" is-config="true" duration-ms="0" started-at="2022-07-22T07:43:31 IST" finished-at="2022-07-22T07:43:31 IST">
          <reporter-output>
          </reporter-output>
        </test-method> <!-- beforeMethod -->
        <test-method status="PASS" signature="login()[pri:0, instance:testngtraining.FirstTest@50b494a6]" name="login" duration-ms="8" started-at="2022-07-22T07:43:31 IST" finished-at="2022-07-22T07:43:31 IST">
          <reporter-output>
          </reporter-output>
        </test-method> <!-- login -->
        <test-method status="PASS" signature="afterMethod()[pri:0, instance:testngtraining.FirstTest@50b494a6]" name="afterMethod" is-config="true" duration-ms="1" started-at="2022-07-22T07:43:31 IST" finished-at="2022-07-22T07:43:31 IST">
          <reporter-output>
          </reporter-output>
        </test-method> <!-- afterMethod -->
        <test-method status="PASS" signature="beforeMethod()[pri:0, instance:testngtraining.FirstTest@50b494a6]" name="beforeMethod" is-config="true" duration-ms="1" started-at="2022-07-22T07:43:31 IST" finished-at="2022-07-22T07:43:31 IST">
          <reporter-output>
          </reporter-output>
        </test-method> <!-- beforeMethod -->
        <test-method status="PASS" signature="verifyDivideNumbersTest()[pri:0, instance:testngtraining.FirstTest@50b494a6]" name="verifyDivideNumbersTest" duration-ms="1" started-at="2022-07-22T07:43:31 IST" finished-at="2022-07-22T07:43:31 IST">
          <reporter-output>
          </reporter-output>
        </test-method> <!-- verifyDivideNumbersTest -->
        <test-method status="PASS" signature="afterMethod()[pri:0, instance:testngtraining.FirstTest@50b494a6]" name="afterMethod" is-config="true" duration-ms="0" started-at="2022-07-22T07:43:31 IST" finished-at="2022-07-22T07:43:31 IST">
          <reporter-output>
          </reporter-output>
        </test-method> <!-- afterMethod -->
        <test-method status="PASS" signature="beforeMethod()[pri:0, instance:testngtraining.FirstTest@50b494a6]" name="beforeMethod" is-config="true" duration-ms="1" started-at="2022-07-22T07:43:31 IST" finished-at="2022-07-22T07:43:31 IST">
          <reporter-output>
          </reporter-output>
        </test-method> <!-- beforeMethod -->
        <test-method status="PASS" signature="verifyMultipleNumbersTest()[pri:0, instance:testngtraining.FirstTest@50b494a6]" name="verifyMultipleNumbersTest" duration-ms="1" started-at="2022-07-22T07:43:31 IST" finished-at="2022-07-22T07:43:31 IST">
          <reporter-output>
          </reporter-output>
        </test-method> <!-- verifyMultipleNumbersTest -->
        <test-method status="PASS" signature="afterMethod()[pri:0, instance:testngtraining.FirstTest@50b494a6]" name="afterMethod" is-config="true" duration-ms="0" started-at="2022-07-22T07:43:31 IST" finished-at="2022-07-22T07:43:31 IST">
          <reporter-output>
          </reporter-output>
        </test-method> <!-- afterMethod -->
        <test-method status="PASS" signature="afterClass()[pri:0, instance:testngtraining.FirstTest@50b494a6]" name="afterClass" is-config="true" duration-ms="1" started-at="2022-07-22T07:43:31 IST" finished-at="2022-07-22T07:43:31 IST">
          <reporter-output>
          </reporter-output>
        </test-method> <!-- afterClass -->
        <test-method status="PASS" signature="afterTest()[pri:0, instance:testngtraining.FirstTest@50b494a6]" name="afterTest" is-config="true" duration-ms="1" started-at="2022-07-22T07:43:31 IST" finished-at="2022-07-22T07:43:31 IST">
          <reporter-output>
          </reporter-output>
        </test-method> <!-- afterTest -->
        <test-method status="PASS" signature="afterSuite()[pri:0, instance:testngtraining.FirstTest@50b494a6]" name="afterSuite" is-config="true" duration-ms="1" started-at="2022-07-22T07:43:31 IST" finished-at="2022-07-22T07:43:31 IST">
          <reporter-output>
          </reporter-output>
        </test-method> <!-- afterSuite -->
      </class> <!-- testngtraining.FirstTest -->
    </test> <!-- Default test -->
  </suite> <!-- Default suite -->
</testng-results>
